<?xml version="1.0" encoding="UTF-8"?>
<!-- Generated by org.testng.reporters.JUnitXMLReporter -->
<testsuite ignored="0" hostname="DESKTOP-DGC57U0" failures="1" tests="1" name="Surefire test" time="18.31" errors="0" timestamp="2025-04-22T17:34:18 IST">
  <testcase classname="tests.UnitTest" name="unitTest" time="11.214">
    <failure type="java.lang.AssertionError" message="expected [true] but found [false]">
      <![CDATA[java.lang.AssertionError: expected [true] but found [false]
at tests.UnitTest.unitTest(UnitTest.java:19)
at java.base/java.util.ArrayList.forEach(ArrayList.java:1511)
... Removed 36 stack frames]]>
    </failure>
  </testcase> <!-- unitTest -->
</testsuite> <!-- Surefire test -->
